<?xml version="1.0" encoding="UTF-8" ?>
<testsuite tests="26" failures="0" name="es.udc.ws.app.test.model.offerservice.OfferServiceTest" time="3.512" errors="0" skipped="0">
  <properties>
[...]
</properties>
  <testcase classname="es.udc.ws.app.test.model.offerservice.OfferServiceTest" name="testAddInvalidOffer" time="0.012"/>
  <testcase classname="es.udc.ws.app.test.model.offerservice.OfferServiceTest" name="testClaimOffer" time="0.505"/>
  <testcase classname="es.udc.ws.app.test.model.offerservice.OfferServiceTest" name="testAlreadyInvalidatedOffer" time="0.133"/>
  <testcase classname="es.udc.ws.app.test.model.offerservice.OfferServiceTest" name="testInvalidateOffer" time="0.167"/>
  <testcase classname="es.udc.ws.app.test.model.offerservice.OfferServiceTest" name="testReservationDateExpired" time="0.083"/>
  <testcase classname="es.udc.ws.app.test.model.offerservice.OfferServiceTest" name="testUpdateOffer" time="0.083"/>
  <testcase classname="es.udc.ws.app.test.model.offerservice.OfferServiceTest" name="testReserveOfferWithInvalidCreditCard" time="0.059"/>
  <testcase classname="es.udc.ws.app.test.model.offerservice.OfferServiceTest" name="testNotModifiableOfferPrize" time="0.117"/>
  <testcase classname="es.udc.ws.app.test.model.offerservice.OfferServiceTest" name="testRemoveOffer" time="0.063"/>
  <testcase classname="es.udc.ws.app.test.model.offerservice.OfferServiceTest" name="testInvalidatedClaimed" time="0.171"/>
  <testcase classname="es.udc.ws.app.test.model.offerservice.OfferServiceTest" name="testReserveNonExistingOffer" time="0.005"/>
  <testcase classname="es.udc.ws.app.test.model.offerservice.OfferServiceTest" name="testFindOfferByValid" time="0.145"/>
  <testcase classname="es.udc.ws.app.test.model.offerservice.OfferServiceTest" name="testReserveOffer" time="0.151"/>
  <testcase classname="es.udc.ws.app.test.model.offerservice.OfferServiceTest" name="testFindOfferByVariousFields" time="0.058"/>
  <testcase classname="es.udc.ws.app.test.model.offerservice.OfferServiceTest" name="testAlreadyReservated" time="0.133"/>
  <testcase classname="es.udc.ws.app.test.model.offerservice.OfferServiceTest" name="testNotModifiableOfferDate" time="0.124"/>
  <testcase classname="es.udc.ws.app.test.model.offerservice.OfferServiceTest" name="testFindOfferByKeywords" time="0.209"/>
  <testcase classname="es.udc.ws.app.test.model.offerservice.OfferServiceTest" name="testRemoveNonExistentOffer" time="0.005"/>
  <testcase classname="es.udc.ws.app.test.model.offerservice.OfferServiceTest" name="testAddOfferAndFindOffer" time="0.186"/>
  <testcase classname="es.udc.ws.app.test.model.offerservice.OfferServiceTest" name="testFindReservationByUserId" time="0.618"/>
  <testcase classname="es.udc.ws.app.test.model.offerservice.OfferServiceTest" name="testAlreadyClaimedOffer" time="0.151"/>
  <testcase classname="es.udc.ws.app.test.model.offerservice.OfferServiceTest" name="testFindNonExistentOffer" time="0.004"/>
  <testcase classname="es.udc.ws.app.test.model.offerservice.OfferServiceTest" name="testClaimOutOfDate" time="0.146"/>
  <testcase classname="es.udc.ws.app.test.model.offerservice.OfferServiceTest" name="testUpdateNonExistentOffer" time="0.009"/>
  <testcase classname="es.udc.ws.app.test.model.offerservice.OfferServiceTest" name="testNotRemovableOffer" time="0.116"/>
  <testcase classname="es.udc.ws.app.test.model.offerservice.OfferServiceTest" name="testUpdateInvalidOffer" time="0.059"/>
</testsuite>